c:\users\ejame\downloads\comp-4300-project\comp-4300-project-main\visualstudio\release\gameengine.obj
c:\users\ejame\downloads\comp-4300-project\comp-4300-project-main\visualstudio\release\assets.obj
c:\users\ejame\downloads\comp-4300-project\comp-4300-project-main\visualstudio\release\main.obj
c:\users\ejame\downloads\comp-4300-project\comp-4300-project-main\visualstudio\release\scene_editor.obj
c:\users\ejame\downloads\comp-4300-project\comp-4300-project-main\visualstudio\release\controls.obj
c:\users\ejame\downloads\comp-4300-project\comp-4300-project-main\visualstudio\release\scene_menu.obj
c:\users\ejame\downloads\comp-4300-project\comp-4300-project-main\visualstudio\release\action.obj
c:\users\ejame\downloads\comp-4300-project\comp-4300-project-main\visualstudio\release\physics.obj
c:\users\ejame\downloads\comp-4300-project\comp-4300-project-main\visualstudio\release\scene_editor_menu.obj
c:\users\ejame\downloads\comp-4300-project\comp-4300-project-main\visualstudio\release\animation.obj
c:\users\ejame\downloads\comp-4300-project\comp-4300-project-main\visualstudio\release\scene_map.obj
c:\users\ejame\downloads\comp-4300-project\comp-4300-project-main\visualstudio\release\entitymanager.obj
c:\users\ejame\downloads\comp-4300-project\comp-4300-project-main\visualstudio\release\scene.obj
c:\users\ejame\downloads\comp-4300-project\comp-4300-project-main\visualstudio\release\vec2.obj
c:\users\ejame\downloads\comp-4300-project\comp-4300-project-main\visualstudio\release\entity.obj
c:\users\ejame\downloads\comp-4300-project\comp-4300-project-main\visualstudio\release\scene_zelda.obj
c:\users\ejame\downloads\comp-4300-project\comp-4300-project-main\visualstudio\release\scene_game_over.obj
c:\users\ejame\downloads\comp-4300-project\comp-4300-project-main\visualstudio\release\astar.obj
c:\users\ejame\downloads\comp-4300-project\comp-4300-project-main\visualstudio\release\scene_victory.obj
c:\users\ejame\downloads\comp-4300-project\comp-4300-project-main\visualstudio\release\vc142.pdb
c:\users\ejame\downloads\comp-4300-project\comp-4300-project-main\bin\sfmlgame.exe
c:\users\ejame\downloads\comp-4300-project\comp-4300-project-main\bin\sfmlgame.pdb
c:\users\ejame\downloads\comp-4300-project\comp-4300-project-main\bin\sfmlgame.ipdb
c:\users\ejame\downloads\comp-4300-project\comp-4300-project-main\bin\sfmlgame.iobj
c:\users\ejame\downloads\comp-4300-project\comp-4300-project-main\visualstudio\../bin/sfmlgame.exe
c:\users\ejame\downloads\comp-4300-project\comp-4300-project-main\visualstudio\release\sfmlgame.tlog\cl.16216.write.1.tlog
c:\users\ejame\downloads\comp-4300-project\comp-4300-project-main\visualstudio\release\sfmlgame.tlog\cl.command.1.tlog
c:\users\ejame\downloads\comp-4300-project\comp-4300-project-main\visualstudio\release\sfmlgame.tlog\cl.read.1.tlog
c:\users\ejame\downloads\comp-4300-project\comp-4300-project-main\visualstudio\release\sfmlgame.tlog\link.command.1.tlog
c:\users\ejame\downloads\comp-4300-project\comp-4300-project-main\visualstudio\release\sfmlgame.tlog\link.read.1.tlog
c:\users\ejame\downloads\comp-4300-project\comp-4300-project-main\visualstudio\release\sfmlgame.tlog\link.write.1.tlog
c:\users\ejame\downloads\comp-4300-project\comp-4300-project-main\visualstudio\release\sfmlgame.tlog\sfmlgame.write.1u.tlog
